[2021-06-30 00:13:00]	Http Get daily cases from OpenData API
[2021-06-30 00:13:00]	Daily case file ETag: "22e185-5c5efbc1e1cc5"
[2021-06-30 00:13:00]	Daily cases file lastModfiyTime: 06/29/2021 23:12:07 +00:00
[2021-06-30 00:13:00]	Output text file: raw_covid19-daily-cases_2021-06-30(00-13-00).json
[2021-06-30 00:13:00]	Output json file: covid19-daily-cases_2021-06-29_UTC+8.json
[2021-06-30 00:13:00]	Output json file: covid19-daily-cases_lastDay.json
[2021-06-30 00:13:00]	Output json file: covid19-daily-age-cases_2021-06-29_UTC+8.json
[2021-06-30 00:13:00]	Output json file: covid19-daily-age-cases_lastDay.json
[2021-06-30 00:13:00]	Output json file: covid19-daily-county-cases_2021-06-29_UTC+8.json
[2021-06-30 00:13:00]	Output json file: covid19-daily-county-cases_lastDay.json
[2021-06-30 00:13:00]	Output json file: covid19-daily-county-age-cases_2021-06-29_UTC+8.json
[2021-06-30 00:13:00]	Output json file: covid19-daily-county-age-cases_lastDay.json
[2021-06-30 01:23:48]	Http Get daily cases from OpenData API
[2021-06-30 01:23:48]	Daily case file ETag: "22e185-5c5efbc1e1cc5"
[2021-06-30 01:23:48]	Daily cases file lastModfiyTime: 06/29/2021 23:12:07 +00:00
[2021-06-30 01:23:48]	Output text file: raw_covid19-daily-cases_2021-06-30(01-23-48).json
[2021-06-30 01:23:48]	Output json file: covid19-daily-cases_2021-06-29_UTC+8.json
[2021-06-30 01:23:48]	Output json file: covid19-daily-cases_lastDay.json
[2021-06-30 01:23:48]	Output json file: covid19-daily-age-cases_2021-06-29_UTC+8.json
[2021-06-30 01:23:48]	Output json file: covid19-daily-age-cases_lastDay.json
[2021-06-30 01:23:48]	Output json file: covid19-daily-county-cases_2021-06-29_UTC+8.json
[2021-06-30 01:23:48]	Output json file: covid19-daily-county-cases_lastDay.json
[2021-06-30 01:23:48]	Output json file: covid19-daily-county-age-cases_2021-06-29_UTC+8.json
[2021-06-30 01:23:48]	Output json file: covid19-daily-county-age-cases_lastDay.json
