[2021-06-27 01:24:23]	Http Get daily cases from OpenData API
[2021-06-27 01:24:23]	Daily case file ETag: "224433-5c5b36123d1c3"
[2021-06-27 01:24:23]	Daily cases file lastModfiyTime: 06/26/2021 23:11:43 +00:00
[2021-06-27 01:24:23]	Output text file: raw_covid19-daily-cases_2021-06-27(01-24-23).json
[2021-06-27 01:24:23]	Output json file: covid19-daily-cases_2021-06-26_UTC+8.json
[2021-06-27 01:24:23]	Output json file: covid19-daily-cases_lastDay.json
[2021-06-27 01:24:23]	Output json file: covid19-daily-age-cases_2021-06-26_UTC+8.json
[2021-06-27 01:24:23]	Output json file: covid19-daily-age-cases_lastDay.json
[2021-06-27 01:24:23]	Output json file: covid19-daily-county-cases_2021-06-26_UTC+8.json
[2021-06-27 01:24:23]	Output json file: covid19-daily-county-cases_lastDay.json
[2021-06-27 01:24:23]	Output json file: covid19-daily-county-age-cases_2021-06-26_UTC+8.json
[2021-06-27 01:24:23]	Output json file: covid19-daily-county-age-cases_lastDay.json
[2021-06-27 01:49:29]	Http Get daily cases from OpenData API
[2021-06-27 01:49:29]	Daily case file ETag: "224433-5c5b36123d1c3"
[2021-06-27 01:49:29]	Daily cases file lastModfiyTime: 06/26/2021 23:11:43 +00:00
[2021-06-27 01:49:29]	Output text file: raw_covid19-daily-cases_2021-06-27(01-49-29).json
[2021-06-27 01:49:29]	Output json file: covid19-daily-cases_2021-06-26_UTC+8.json
[2021-06-27 01:49:29]	Output json file: covid19-daily-cases_lastDay.json
[2021-06-27 01:49:29]	Output json file: covid19-daily-age-cases_2021-06-26_UTC+8.json
[2021-06-27 01:49:29]	Output json file: covid19-daily-age-cases_lastDay.json
[2021-06-27 01:49:29]	Output json file: covid19-daily-county-cases_2021-06-26_UTC+8.json
[2021-06-27 01:49:29]	Output json file: covid19-daily-county-cases_lastDay.json
[2021-06-27 01:49:29]	Output json file: covid19-daily-county-age-cases_2021-06-26_UTC+8.json
[2021-06-27 01:49:29]	Output json file: covid19-daily-county-age-cases_lastDay.json
[2021-06-27 04:03:18]	Http Get daily cases from OpenData API
[2021-06-27 04:03:18]	Daily case file ETag: "224433-5c5b36123d1c3"
[2021-06-27 04:03:18]	Daily cases file lastModfiyTime: 06/26/2021 23:11:43 +00:00
[2021-06-27 04:03:18]	Output text file: raw_covid19-daily-cases_2021-06-27(04-03-18).json
[2021-06-27 04:03:18]	Output json file: covid19-daily-cases_2021-06-26_UTC+8.json
[2021-06-27 04:03:18]	Output json file: covid19-daily-cases_lastDay.json
[2021-06-27 04:03:18]	Output json file: covid19-daily-age-cases_2021-06-26_UTC+8.json
[2021-06-27 04:03:18]	Output json file: covid19-daily-age-cases_lastDay.json
[2021-06-27 04:03:18]	Output json file: covid19-daily-county-cases_2021-06-26_UTC+8.json
[2021-06-27 04:03:18]	Output json file: covid19-daily-county-cases_lastDay.json
[2021-06-27 04:03:18]	Output json file: covid19-daily-county-age-cases_2021-06-26_UTC+8.json
[2021-06-27 04:03:18]	Output json file: covid19-daily-county-age-cases_lastDay.json
